[QRL-3ASSET] Logging → .\logs\qrl_3asset_20251117_012801.log
[QRL-3ASSET] Using device: CPU
[QRL-3ASSET] Assets = ['BNB/USDT', 'BTC/USDT', 'ETH/USDT']
[QRL-3ASSET] n_assets = 3
[QRL-3ASSET] Agent initialized.
[QRL-3ASSET] Training for 200,000 steps...
[QRL-3ASSET] max_episode_len = 4096
[TRAIN] 500/200,000 ( 0.2%) | ------------------------------
        Ep 0  Steps 500  Reward 7.50
        Elapsed 00:00:22 | ETA 02:23:31
[TRAIN] 1,000/200,000 ( 0.5%) | ------------------------------
        Ep 0  Steps 1000  Reward 98.81
        Elapsed 00:00:44 | ETA 02:21:34
[TRAIN] 1,500/200,000 ( 0.8%) | ------------------------------
        Ep 0  Steps 1500  Reward -668.46
        Elapsed 00:01:06 | ETA 02:19:15
[TRAIN] 2,000/200,000 ( 1.0%) | ------------------------------
        Ep 0  Steps 2000  Reward -1456.03
        Elapsed 00:01:28 | ETA 02:20:03
[TRAIN] 2,500/200,000 ( 1.2%) | ------------------------------
        Ep 0  Steps 2500  Reward -1890.71
        Elapsed 00:01:50 | ETA 02:18:34
[TRAIN] 3,000/200,000 ( 1.5%) | ------------------------------
        Ep 0  Steps 3000  Reward -2482.03
        Elapsed 00:02:12 | ETA 02:21:43
[TRAIN] 3,500/200,000 ( 1.8%) | ------------------------------
        Ep 0  Steps 3500  Reward -2796.63
        Elapsed 00:02:34 | ETA 02:19:36
[TRAIN] 4,000/200,000 ( 2.0%) | ------------------------------
        Ep 0  Steps 4000  Reward -3079.35
        Elapsed 00:02:56 | ETA 02:18:04
[EP 0] steps=4,096 ep_steps=4096  R=-3231.609  loss=23802.2930 A=126.4129 C=47351.7617
[TRAIN] 4,500/200,000 ( 2.2%) | ------------------------------
        Ep 1  Steps 404  Reward 113.21
        Elapsed 00:04:44 | ETA 02:21:22
[TRAIN] 5,000/200,000 ( 2.5%) | ------------------------------
        Ep 1  Steps 904  Reward 253.05
        Elapsed 00:05:07 | ETA 02:21:10
[TRAIN] 5,500/200,000 ( 2.8%) | ------------------------------
        Ep 1  Steps 1404  Reward 729.26
        Elapsed 00:05:29 | ETA 02:21:07
[TRAIN] 6,000/200,000 ( 3.0%) | ------------------------------
        Ep 1  Steps 1904  Reward -378.74
        Elapsed 00:05:52 | ETA 02:19:29
[TRAIN] 6,500/200,000 ( 3.2%) | ------------------------------
        Ep 1  Steps 2404  Reward -611.56
        Elapsed 00:06:15 | ETA 02:26:17
[TRAIN] 7,000/200,000 ( 3.5%) | █-----------------------------
        Ep 1  Steps 2904  Reward -1285.07
        Elapsed 00:06:38 | ETA 02:19:38
[TRAIN] 7,500/200,000 ( 3.8%) | █-----------------------------
        Ep 1  Steps 3404  Reward -1858.05
        Elapsed 00:07:00 | ETA 02:18:29
[TRAIN] 8,000/200,000 ( 4.0%) | █-----------------------------
        Ep 1  Steps 3904  Reward -2079.95
        Elapsed 00:07:23 | ETA 02:18:40
[EP 1] steps=8,192 ep_steps=4096  R=-2284.664  loss=20168.6426 A=88.9335 C=40159.4180
[TRAIN] 8,500/200,000 ( 4.2%) | █-----------------------------
        Ep 2  Steps 308  Reward 34.08
        Elapsed 00:09:26 | ETA 02:19:14
[TRAIN] 9,000/200,000 ( 4.5%) | █-----------------------------
        Ep 2  Steps 808  Reward 183.63
        Elapsed 00:09:49 | ETA 02:18:50
[TRAIN] 9,500/200,000 ( 4.8%) | █-----------------------------
        Ep 2  Steps 1308  Reward 104.34
        Elapsed 00:10:11 | ETA 02:16:47
[TRAIN] 10,000/200,000 ( 5.0%) | █-----------------------------
        Ep 2  Steps 1808  Reward -648.87
        Elapsed 00:10:34 | ETA 02:16:49
[TRAIN] 10,500/200,000 ( 5.2%) | █-----------------------------
        Ep 2  Steps 2308  Reward -1409.47
        Elapsed 00:10:56 | ETA 02:17:32
[TRAIN] 11,000/200,000 ( 5.5%) | █-----------------------------
        Ep 2  Steps 2808  Reward -2024.17
        Elapsed 00:11:19 | ETA 02:17:56
[TRAIN] 11,500/200,000 ( 5.8%) | █-----------------------------
        Ep 2  Steps 3308  Reward -2648.84
        Elapsed 00:11:42 | ETA 02:17:31
[TRAIN] 12,000/200,000 ( 6.0%) | █-----------------------------
        Ep 2  Steps 3808  Reward -2756.91
        Elapsed 00:12:05 | ETA 02:16:05
[EP 2] steps=12,288 ep_steps=4096  R=-3022.398  loss=22645.2539 A=118.0812 C=45054.3438
[TRAIN] 12,500/200,000 ( 6.2%) | █-----------------------------
        Ep 3  Steps 212  Reward 129.62
        Elapsed 00:14:09 | ETA 02:17:18
[TRAIN] 13,000/200,000 ( 6.5%) | █-----------------------------
        Ep 3  Steps 712  Reward 494.09
        Elapsed 00:14:32 | ETA 02:16:54
[TRAIN] 13,500/200,000 ( 6.8%) | ██----------------------------
        Ep 3  Steps 1212  Reward 569.10
        Elapsed 00:14:55 | ETA 02:16:39
[TRAIN] 14,000/200,000 ( 7.0%) | ██----------------------------
        Ep 3  Steps 1712  Reward -84.92
        Elapsed 00:15:18 | ETA 02:13:54
[TRAIN] 14,500/200,000 ( 7.2%) | ██----------------------------
        Ep 3  Steps 2212  Reward -662.84
        Elapsed 00:15:40 | ETA 02:13:26
[TRAIN] 15,000/200,000 ( 7.5%) | ██----------------------------
        Ep 3  Steps 2712  Reward -1405.24
        Elapsed 00:16:03 | ETA 02:14:34
[TRAIN] 15,500/200,000 ( 7.8%) | ██----------------------------
        Ep 3  Steps 3212  Reward -2191.23
        Elapsed 00:16:26 | ETA 02:16:06
[TRAIN] 16,000/200,000 ( 8.0%) | ██----------------------------
        Ep 3  Steps 3712  Reward -2414.13
        Elapsed 00:16:49 | ETA 02:18:45
[EP 3] steps=16,384 ep_steps=4096  R=-2736.370  loss=22272.0586 A=109.2652 C=44325.5859
[TRAIN] 16,500/200,000 ( 8.2%) | ██----------------------------
        Ep 4  Steps 116  Reward 32.66
        Elapsed 00:18:56 | ETA 02:16:21
[TRAIN] 17,000/200,000 ( 8.5%) | ██----------------------------
        Ep 4  Steps 616  Reward 7.90
        Elapsed 00:19:19 | ETA 02:14:26
[TRAIN] 17,500/200,000 ( 8.8%) | ██----------------------------
        Ep 4  Steps 1116  Reward 247.70
        Elapsed 00:19:41 | ETA 02:14:49
[TRAIN] 18,000/200,000 ( 9.0%) | ██----------------------------
        Ep 4  Steps 1616  Reward -3.98
        Elapsed 00:20:04 | ETA 02:10:57
[TRAIN] 18,500/200,000 ( 9.2%) | ██----------------------------
        Ep 4  Steps 2116  Reward -614.36
        Elapsed 00:20:27 | ETA 02:13:11
[TRAIN] 19,000/200,000 ( 9.5%) | ██----------------------------
        Ep 4  Steps 2616  Reward -1193.37
        Elapsed 00:20:50 | ETA 02:12:15
[TRAIN] 19,500/200,000 ( 9.8%) | ██----------------------------
        Ep 4  Steps 3116  Reward -1829.43
        Elapsed 00:21:13 | ETA 02:12:54
[TRAIN] 20,000/200,000 (10.0%) | ███---------------------------
        Ep 4  Steps 3616  Reward -2412.86
        Elapsed 00:21:36 | ETA 02:13:13
[EP 4] steps=20,480 ep_steps=4096  R=-2699.726  loss=20522.2129 A=105.6895 C=40833.0469
[TRAIN] 20,500/200,000 (10.2%) | ███---------------------------
        Ep 5  Steps 20  Reward -22.17
        Elapsed 00:23:44 | ETA 02:12:49
[TRAIN] 21,000/200,000 (10.5%) | ███---------------------------
        Ep 5  Steps 520  Reward 37.40
        Elapsed 00:24:06 | ETA 02:09:43
[TRAIN] 21,500/200,000 (10.8%) | ███---------------------------
        Ep 5  Steps 1020  Reward 135.07
        Elapsed 00:24:29 | ETA 02:10:01
[TRAIN] 22,000/200,000 (11.0%) | ███---------------------------
        Ep 5  Steps 1520  Reward 167.19
        Elapsed 00:24:52 | ETA 02:10:01
[TRAIN] 22,500/200,000 (11.2%) | ███---------------------------
        Ep 5  Steps 2020  Reward -621.26
        Elapsed 00:25:14 | ETA 02:08:16
[TRAIN] 23,000/200,000 (11.5%) | ███---------------------------
        Ep 5  Steps 2520  Reward -893.01
        Elapsed 00:25:37 | ETA 02:08:40
[TRAIN] 23,500/200,000 (11.8%) | ███---------------------------
        Ep 5  Steps 3020  Reward -1452.35
        Elapsed 00:26:00 | ETA 02:09:42
[TRAIN] 24,000/200,000 (12.0%) | ███---------------------------
        Ep 5  Steps 3520  Reward -2041.21
        Elapsed 00:26:23 | ETA 02:11:13
[TRAIN] 24,500/200,000 (12.2%) | ███---------------------------
        Ep 5  Steps 4020  Reward -2258.25
        Elapsed 00:26:46 | ETA 02:12:04
[EP 5] steps=24,576 ep_steps=4096  R=-2370.268  loss=19949.4590 A=88.3671 C=39722.1836
[TRAIN] 25,000/200,000 (12.5%) | ███---------------------------
        Ep 6  Steps 424  Reward 91.05
        Elapsed 00:28:55 | ETA 02:09:07
[TRAIN] 25,500/200,000 (12.8%) | ███---------------------------
        Ep 6  Steps 924  Reward 364.94
        Elapsed 00:29:18 | ETA 02:08:52
[TRAIN] 26,000/200,000 (13.0%) | ███---------------------------
        Ep 6  Steps 1424  Reward 612.55
        Elapsed 00:29:41 | ETA 02:09:46
[TRAIN] 26,500/200,000 (13.2%) | ███---------------------------
        Ep 6  Steps 1924  Reward -706.97
        Elapsed 00:30:03 | ETA 02:04:20
[TRAIN] 27,000/200,000 (13.5%) | ████--------------------------
        Ep 6  Steps 2424  Reward -839.51
        Elapsed 00:30:26 | ETA 02:04:35
[TRAIN] 27,500/200,000 (13.8%) | ████--------------------------
        Ep 6  Steps 2924  Reward -1516.30
        Elapsed 00:30:49 | ETA 02:06:16
[TRAIN] 28,000/200,000 (14.0%) | ████--------------------------
        Ep 6  Steps 3424  Reward -2026.90
        Elapsed 00:31:12 | ETA 02:07:17
[TRAIN] 28,500/200,000 (14.2%) | ████--------------------------
        Ep 6  Steps 3924  Reward -2206.71
        Elapsed 00:31:35 | ETA 02:07:39
[EP 6] steps=28,672 ep_steps=4096  R=-2358.501  loss=21607.8672 A=91.9880 C=43031.7578
[VAL] step=28,672 Sharpe=1.217 CumRet=1.200
[TRAIN] 29,000/200,000 (14.5%) | ████--------------------------
        Ep 7  Steps 328  Reward 123.87
        Elapsed 00:42:20 | ETA 02:05:45
[TRAIN] 29,500/200,000 (14.8%) | ████--------------------------
        Ep 7  Steps 828  Reward 382.51
        Elapsed 00:42:43 | ETA 02:06:36
[TRAIN] 30,000/200,000 (15.0%) | ████--------------------------
        Ep 7  Steps 1328  Reward 660.76
        Elapsed 00:43:07 | ETA 02:06:51
[TRAIN] 30,500/200,000 (15.2%) | ████--------------------------
        Ep 7  Steps 1828  Reward -83.27
        Elapsed 00:43:29 | ETA 02:02:53
[TRAIN] 31,000/200,000 (15.5%) | ████--------------------------
        Ep 7  Steps 2328  Reward -674.23
        Elapsed 00:43:52 | ETA 02:02:03
[TRAIN] 31,500/200,000 (15.8%) | ████--------------------------
        Ep 7  Steps 2828  Reward -1252.41
        Elapsed 00:44:14 | ETA 02:03:33
[TRAIN] 32,000/200,000 (16.0%) | ████--------------------------
        Ep 7  Steps 3328  Reward -1969.69
        Elapsed 00:44:38 | ETA 02:03:17
[TRAIN] 32,500/200,000 (16.2%) | ████--------------------------
        Ep 7  Steps 3828  Reward -2092.55
        Elapsed 00:45:01 | ETA 02:05:54
[EP 7] steps=32,768 ep_steps=4096  R=-2343.376  loss=20519.6836 A=92.9490 C=40853.4688
[TRAIN] 33,000/200,000 (16.5%) | ████--------------------------
        Ep 8  Steps 232  Reward 90.67
        Elapsed 00:47:13 | ETA 02:04:18
[TRAIN] 33,500/200,000 (16.8%) | █████-------------------------
        Ep 8  Steps 732  Reward 413.96
        Elapsed 00:47:35 | ETA 02:02:55
[TRAIN] 34,000/200,000 (17.0%) | █████-------------------------
        Ep 8  Steps 1232  Reward 430.45
        Elapsed 00:47:59 | ETA 02:03:38
[TRAIN] 34,500/200,000 (17.2%) | █████-------------------------
        Ep 8  Steps 1732  Reward -95.76
        Elapsed 00:48:22 | ETA 02:02:09
[TRAIN] 35,000/200,000 (17.5%) | █████-------------------------
        Ep 8  Steps 2232  Reward -637.93
        Elapsed 00:48:44 | ETA 01:58:18
[TRAIN] 35,500/200,000 (17.8%) | █████-------------------------
        Ep 8  Steps 2732  Reward -1377.23
        Elapsed 00:49:07 | ETA 01:59:19
[TRAIN] 36,000/200,000 (18.0%) | █████-------------------------
        Ep 8  Steps 3232  Reward -2012.13
        Elapsed 00:49:30 | ETA 01:59:29
[TRAIN] 36,500/200,000 (18.2%) | █████-------------------------
        Ep 8  Steps 3732  Reward -2307.33
        Elapsed 00:49:53 | ETA 02:02:37
[EP 8] steps=36,864 ep_steps=4096  R=-2646.932  loss=19463.0547 A=106.1318 C=38713.8477
[TRAIN] 37,000/200,000 (18.5%) | █████-------------------------
        Ep 9  Steps 136  Reward 19.51
        Elapsed 00:52:05 | ETA 02:01:48
[TRAIN] 37,500/200,000 (18.8%) | █████-------------------------
        Ep 9  Steps 636  Reward 324.84
        Elapsed 00:52:28 | ETA 01:58:39
[TRAIN] 38,000/200,000 (19.0%) | █████-------------------------
        Ep 9  Steps 1136  Reward 152.72
        Elapsed 00:52:51 | ETA 01:59:44
[TRAIN] 38,500/200,000 (19.2%) | █████-------------------------
        Ep 9  Steps 1636  Reward -451.68
        Elapsed 00:53:14 | ETA 02:00:22
[TRAIN] 39,000/200,000 (19.5%) | █████-------------------------
        Ep 9  Steps 2136  Reward -1078.45
        Elapsed 00:53:36 | ETA 01:55:45
[TRAIN] 39,500/200,000 (19.8%) | █████-------------------------
        Ep 9  Steps 2636  Reward -1751.93
        Elapsed 00:53:59 | ETA 01:56:14
[TRAIN] 40,000/200,000 (20.0%) | ██████------------------------
        Ep 9  Steps 3136  Reward -2207.91
        Elapsed 00:54:22 | ETA 01:56:53
[TRAIN] 40,500/200,000 (20.2%) | ██████------------------------
        Ep 9  Steps 3636  Reward -2541.13
        Elapsed 00:54:45 | ETA 01:59:05
[EP 9] steps=40,960 ep_steps=4096  R=-2838.570  loss=22057.1777 A=111.0422 C=43892.2695
[TRAIN] 41,000/200,000 (20.5%) | ██████------------------------
        Ep 10  Steps 40  Reward -23.99
        Elapsed 00:56:59 | ETA 02:00:09
[TRAIN] 41,500/200,000 (20.8%) | ██████------------------------
        Ep 10  Steps 540  Reward 107.57
        Elapsed 00:57:22 | ETA 01:57:43
[TRAIN] 42,000/200,000 (21.0%) | ██████------------------------
        Ep 10  Steps 1040  Reward -107.22
        Elapsed 00:57:45 | ETA 01:58:05
[TRAIN] 42,500/200,000 (21.2%) | ██████------------------------
        Ep 10  Steps 1540  Reward -497.12
        Elapsed 00:58:08 | ETA 01:59:17
[TRAIN] 43,000/200,000 (21.5%) | ██████------------------------
        Ep 10  Steps 2040  Reward -1273.24
        Elapsed 00:58:31 | ETA 01:51:39
[TRAIN] 43,500/200,000 (21.8%) | ██████------------------------
        Ep 10  Steps 2540  Reward -1544.71
        Elapsed 00:58:53 | ETA 01:52:23
[TRAIN] 44,000/200,000 (22.0%) | ██████------------------------
        Ep 10  Steps 3040  Reward -2115.36
        Elapsed 00:59:16 | ETA 01:52:49
[TRAIN] 44,500/200,000 (22.2%) | ██████------------------------
        Ep 10  Steps 3540  Reward -2654.38
        Elapsed 00:59:39 | ETA 01:55:22
[TRAIN] 45,000/200,000 (22.5%) | ██████------------------------
        Ep 10  Steps 4040  Reward -2854.20
        Elapsed 01:00:03 | ETA 01:57:36
[EP 10] steps=45,056 ep_steps=4096  R=-3011.915  loss=22195.7773 A=115.9071 C=44159.7422
[TRAIN] 45,500/200,000 (22.8%) | ██████------------------------
        Ep 11  Steps 444  Reward 119.12
        Elapsed 01:02:19 | ETA 01:55:18
[TRAIN] 46,000/200,000 (23.0%) | ██████------------------------
        Ep 11  Steps 944  Reward 298.79
        Elapsed 01:02:42 | ETA 01:55:43
[TRAIN] 46,500/200,000 (23.2%) | ██████------------------------
        Ep 11  Steps 1444  Reward 110.97
        Elapsed 01:03:05 | ETA 01:54:55
[TRAIN] 47,000/200,000 (23.5%) | ███████-----------------------
        Ep 11  Steps 1944  Reward -804.47
        Elapsed 01:03:28 | ETA 01:52:05
[TRAIN] 47,500/200,000 (23.8%) | ███████-----------------------
        Ep 11  Steps 2444  Reward -918.00
        Elapsed 01:03:51 | ETA 01:49:24
[TRAIN] 48,000/200,000 (24.0%) | ███████-----------------------
        Ep 11  Steps 2944  Reward -1562.40
        Elapsed 01:04:13 | ETA 01:49:58
[TRAIN] 48,500/200,000 (24.2%) | ███████-----------------------
        Ep 11  Steps 3444  Reward -2066.23
        Elapsed 01:04:36 | ETA 01:50:59
[TRAIN] 49,000/200,000 (24.5%) | ███████-----------------------
        Ep 11  Steps 3944  Reward -2193.27
        Elapsed 01:05:00 | ETA 01:53:59
[EP 11] steps=49,152 ep_steps=4096  R=-2352.921  loss=16996.7598 A=90.0604 C=33813.3984
[TRAIN] 49,500/200,000 (24.8%) | ███████-----------------------
        Ep 12  Steps 348  Reward 207.66
        Elapsed 01:07:15 | ETA 01:50:28
[TRAIN] 50,000/200,000 (25.0%) | ███████-----------------------
        Ep 12  Steps 848  Reward 92.70
        Elapsed 01:07:38 | ETA 01:51:33
[TRAIN] 50,500/200,000 (25.2%) | ███████-----------------------
        Ep 12  Steps 1348  Reward 80.87
        Elapsed 01:08:01 | ETA 01:52:02
[TRAIN] 51,000/200,000 (25.5%) | ███████-----------------------
        Ep 12  Steps 1848  Reward -870.68
        Elapsed 01:08:25 | ETA 01:50:57
[TRAIN] 51,500/200,000 (25.8%) | ███████-----------------------
        Ep 12  Steps 2348  Reward -1256.12
        Elapsed 01:08:47 | ETA 01:47:06
[TRAIN] 52,000/200,000 (26.0%) | ███████-----------------------
        Ep 12  Steps 2848  Reward -1787.30
        Elapsed 01:09:10 | ETA 01:47:05
[TRAIN] 52,500/200,000 (26.2%) | ███████-----------------------
        Ep 12  Steps 3348  Reward -2417.58
        Elapsed 01:09:33 | ETA 01:47:22
[TRAIN] 53,000/200,000 (26.5%) | ███████-----------------------
        Ep 12  Steps 3848  Reward -2559.81
        Elapsed 01:09:56 | ETA 01:49:12
[EP 12] steps=53,248 ep_steps=4096  R=-2791.306  loss=18814.1680 A=109.6831 C=37408.9688
[VAL] step=53,248 Sharpe=1.217 CumRet=1.201
[TRAIN] 53,500/200,000 (26.8%) | ████████----------------------
        Ep 13  Steps 252  Reward 88.24
        Elapsed 01:20:48 | ETA 01:50:48
[TRAIN] 54,000/200,000 (27.0%) | ████████----------------------
        Ep 13  Steps 752  Reward 397.48
        Elapsed 01:21:11 | ETA 01:49:00
[TRAIN] 54,500/200,000 (27.3%) | ████████----------------------
        Ep 13  Steps 1252  Reward 342.38
        Elapsed 01:21:34 | ETA 01:50:33
[TRAIN] 55,000/200,000 (27.5%) | ████████----------------------
        Ep 13  Steps 1752  Reward -98.22
        Elapsed 01:21:58 | ETA 01:50:38
[TRAIN] 55,500/200,000 (27.8%) | ████████----------------------
        Ep 13  Steps 2252  Reward -669.13
        Elapsed 01:22:20 | ETA 01:43:23
[TRAIN] 56,000/200,000 (28.0%) | ████████----------------------
        Ep 13  Steps 2752  Reward -1434.10
        Elapsed 01:22:43 | ETA 01:45:14
[TRAIN] 56,500/200,000 (28.2%) | ████████----------------------
        Ep 13  Steps 3252  Reward -2038.54
        Elapsed 01:23:06 | ETA 01:44:06
[TRAIN] 57,000/200,000 (28.5%) | ████████----------------------
        Ep 13  Steps 3752  Reward -2278.68
        Elapsed 01:23:29 | ETA 01:44:51
[EP 13] steps=57,344 ep_steps=4096  R=-2574.617  loss=20037.4648 A=100.5710 C=39873.7891
[TRAIN] 57,500/200,000 (28.7%) | ████████----------------------
        Ep 14  Steps 156  Reward 31.75
        Elapsed 01:25:47 | ETA 01:47:18
[TRAIN] 58,000/200,000 (29.0%) | ████████----------------------
        Ep 14  Steps 656  Reward 351.94
        Elapsed 01:26:11 | ETA 01:46:35
[TRAIN] 58,500/200,000 (29.2%) | ████████----------------------
        Ep 14  Steps 1156  Reward 463.07
        Elapsed 01:26:34 | ETA 01:47:36
[TRAIN] 59,000/200,000 (29.5%) | ████████----------------------
        Ep 14  Steps 1656  Reward 206.73
        Elapsed 01:26:58 | ETA 01:48:46
[TRAIN] 59,500/200,000 (29.8%) | ████████----------------------
        Ep 14  Steps 2156  Reward -376.10
        Elapsed 01:27:21 | ETA 01:40:26
[TRAIN] 60,000/200,000 (30.0%) | █████████---------------------
        Ep 14  Steps 2656  Reward -970.69
        Elapsed 01:27:43 | ETA 01:40:17
[TRAIN] 60,500/200,000 (30.2%) | █████████---------------------
        Ep 14  Steps 3156  Reward -1591.25
        Elapsed 01:28:06 | ETA 01:41:07
[TRAIN] 61,000/200,000 (30.5%) | █████████---------------------
        Ep 14  Steps 3656  Reward -1851.31
        Elapsed 01:28:29 | ETA 01:40:30
[EP 14] steps=61,440 ep_steps=4096  R=-2100.076  loss=18585.4629 A=81.9768 C=37006.9727
[TRAIN] 61,500/200,000 (30.8%) | █████████---------------------
        Ep 15  Steps 60  Reward 5.57
        Elapsed 01:30:48 | ETA 01:44:27
[TRAIN] 62,000/200,000 (31.0%) | █████████---------------------
        Ep 15  Steps 560  Reward 165.81
        Elapsed 01:31:11 | ETA 01:42:55
[TRAIN] 62,500/200,000 (31.2%) | █████████---------------------
        Ep 15  Steps 1060  Reward 35.99
        Elapsed 01:31:35 | ETA 01:44:03
[TRAIN] 63,000/200,000 (31.5%) | █████████---------------------
        Ep 15  Steps 1560  Reward 42.39
        Elapsed 01:31:59 | ETA 01:46:11
[TRAIN] 63,500/200,000 (31.8%) | █████████---------------------
        Ep 15  Steps 2060  Reward -778.52
        Elapsed 01:32:22 | ETA 01:41:49
[TRAIN] 64,000/200,000 (32.0%) | █████████---------------------
        Ep 15  Steps 2560  Reward -1098.81
        Elapsed 01:32:45 | ETA 01:38:23
[TRAIN] 64,500/200,000 (32.2%) | █████████---------------------
        Ep 15  Steps 3060  Reward -1782.18
        Elapsed 01:33:07 | ETA 01:38:20
[TRAIN] 65,000/200,000 (32.5%) | █████████---------------------
        Ep 15  Steps 3560  Reward -2226.47
        Elapsed 01:33:31 | ETA 01:38:42
[TRAIN] 65,500/200,000 (32.8%) | █████████---------------------
        Ep 15  Steps 4060  Reward -2505.51
        Elapsed 01:33:54 | ETA 01:41:25
[EP 15] steps=65,536 ep_steps=4096  R=-2586.376  loss=21384.6934 A=101.0797 C=42567.2266
[TRAIN] 66,000/200,000 (33.0%) | █████████---------------------
        Ep 16  Steps 464  Reward 111.89
        Elapsed 01:36:14 | ETA 01:39:00
[TRAIN] 66,500/200,000 (33.2%) | █████████---------------------
        Ep 16  Steps 964  Reward 316.08
        Elapsed 01:36:37 | ETA 01:39:43
[TRAIN] 67,000/200,000 (33.5%) | ██████████--------------------
        Ep 16  Steps 1464  Reward 249.60
        Elapsed 01:37:01 | ETA 01:40:48
[TRAIN] 67,500/200,000 (33.8%) | ██████████--------------------
        Ep 16  Steps 1964  Reward -372.84
        Elapsed 01:37:24 | ETA 01:38:48
[TRAIN] 68,000/200,000 (34.0%) | ██████████--------------------
        Ep 16  Steps 2464  Reward -597.69
        Elapsed 01:37:47 | ETA 01:34:32
[TRAIN] 68,500/200,000 (34.2%) | ██████████--------------------
        Ep 16  Steps 2964  Reward -1158.44
        Elapsed 01:38:09 | ETA 01:34:42
[TRAIN] 69,000/200,000 (34.5%) | ██████████--------------------
        Ep 16  Steps 3464  Reward -1665.50
        Elapsed 01:38:32 | ETA 01:35:12
[TRAIN] 69,500/200,000 (34.8%) | ██████████--------------------
        Ep 16  Steps 3964  Reward -1993.19
        Elapsed 01:38:56 | ETA 01:39:16
[EP 16] steps=69,632 ep_steps=4096  R=-2118.670  loss=19400.4844 A=83.6931 C=38633.5820
[TRAIN] 70,000/200,000 (35.0%) | ██████████--------------------
        Ep 17  Steps 368  Reward 120.03
        Elapsed 01:41:16 | ETA 01:37:21
[TRAIN] 70,500/200,000 (35.2%) | ██████████--------------------
        Ep 17  Steps 868  Reward 91.76
        Elapsed 01:41:39 | ETA 01:37:57
[TRAIN] 71,000/200,000 (35.5%) | ██████████--------------------
        Ep 17  Steps 1368  Reward 375.10
        Elapsed 01:42:03 | ETA 01:38:58
[TRAIN] 71,500/200,000 (35.8%) | ██████████--------------------
        Ep 17  Steps 1868  Reward -640.92
        Elapsed 01:42:27 | ETA 01:38:22
[TRAIN] 72,000/200,000 (36.0%) | ██████████--------------------
        Ep 17  Steps 2368  Reward -1055.02
        Elapsed 01:42:49 | ETA 01:32:14
[TRAIN] 72,500/200,000 (36.2%) | ██████████--------------------
        Ep 17  Steps 2868  Reward -1766.10
        Elapsed 01:43:12 | ETA 01:32:21
[TRAIN] 73,000/200,000 (36.5%) | ██████████--------------------
        Ep 17  Steps 3368  Reward -2175.08
        Elapsed 01:43:35 | ETA 01:32:11
[TRAIN] 73,500/200,000 (36.8%) | ███████████-------------------
        Ep 17  Steps 3868  Reward -2177.78
        Elapsed 01:43:58 | ETA 01:32:41
[EP 17] steps=73,728 ep_steps=4096  R=-2419.222  loss=17887.6133 A=91.0457 C=35593.1367
[TRAIN] 74,000/200,000 (37.0%) | ███████████-------------------
        Ep 18  Steps 272  Reward 83.84
        Elapsed 01:46:17 | ETA 01:34:22
[TRAIN] 74,500/200,000 (37.2%) | ███████████-------------------
        Ep 18  Steps 772  Reward 338.39
        Elapsed 01:46:40 | ETA 01:34:27
[TRAIN] 75,000/200,000 (37.5%) | ███████████-------------------
        Ep 18  Steps 1272  Reward 686.84
        Elapsed 01:47:04 | ETA 01:35:11
[TRAIN] 75,500/200,000 (37.8%) | ███████████-------------------
        Ep 18  Steps 1772  Reward 29.22
        Elapsed 01:47:28 | ETA 01:35:44
[TRAIN] 76,000/200,000 (38.0%) | ███████████-------------------
        Ep 18  Steps 2272  Reward -546.65
        Elapsed 01:47:51 | ETA 01:29:09
[TRAIN] 76,500/200,000 (38.2%) | ███████████-------------------
        Ep 18  Steps 2772  Reward -922.04
        Elapsed 01:48:13 | ETA 01:29:15
[TRAIN] 77,000/200,000 (38.5%) | ███████████-------------------
        Ep 18  Steps 3272  Reward -1629.77
        Elapsed 01:48:36 | ETA 01:29:12
[TRAIN] 77,500/200,000 (38.8%) | ███████████-------------------
        Ep 18  Steps 3772  Reward -1695.26
        Elapsed 01:48:59 | ETA 01:29:51
[EP 18] steps=77,824 ep_steps=4096  R=-2096.911  loss=19923.1211 A=82.4232 C=39681.3945
[VAL] step=77,824 Sharpe=1.218 CumRet=1.201
[TRAIN] 78,000/200,000 (39.0%) | ███████████-------------------
        Ep 19  Steps 176  Reward 54.41
        Elapsed 01:59:53 | ETA 01:32:21
[TRAIN] 78,500/200,000 (39.2%) | ███████████-------------------
        Ep 19  Steps 676  Reward 185.33
        Elapsed 02:00:16 | ETA 01:31:36
[TRAIN] 79,000/200,000 (39.5%) | ███████████-------------------
        Ep 19  Steps 1176  Reward 140.06
        Elapsed 02:00:40 | ETA 01:32:53
[TRAIN] 79,500/200,000 (39.8%) | ███████████-------------------
        Ep 19  Steps 1676  Reward -161.17
        Elapsed 02:01:04 | ETA 01:33:54
[TRAIN] 80,000/200,000 (40.0%) | ████████████------------------
        Ep 19  Steps 2176  Reward -653.01
        Elapsed 02:01:28 | ETA 01:27:11
[TRAIN] 80,500/200,000 (40.2%) | ████████████------------------
        Ep 19  Steps 2676  Reward -1301.23
        Elapsed 02:01:50 | ETA 01:26:11
[TRAIN] 81,000/200,000 (40.5%) | ████████████------------------
        Ep 19  Steps 3176  Reward -2087.13
        Elapsed 02:02:13 | ETA 01:26:47
[TRAIN] 81,500/200,000 (40.8%) | ████████████------------------
        Ep 19  Steps 3676  Reward -2433.52
        Elapsed 02:02:36 | ETA 01:26:15
[EP 19] steps=81,920 ep_steps=4096  R=-2641.906  loss=20610.5645 A=101.4577 C=41018.2148
[TRAIN] 82,000/200,000 (41.0%) | ████████████------------------
        Ep 20  Steps 80  Reward 14.81
        Elapsed 02:04:57 | ETA 01:29:27
[TRAIN] 82,500/200,000 (41.2%) | ████████████------------------
        Ep 20  Steps 580  Reward 67.02
        Elapsed 02:05:19 | ETA 01:27:35
[TRAIN] 83,000/200,000 (41.5%) | ████████████------------------
        Ep 20  Steps 1080  Reward 411.93
        Elapsed 02:05:43 | ETA 01:28:02
[TRAIN] 83,500/200,000 (41.8%) | ████████████------------------
        Ep 20  Steps 1580  Reward 355.23
        Elapsed 02:06:07 | ETA 01:31:12
[TRAIN] 84,000/200,000 (42.0%) | ████████████------------------
        Ep 20  Steps 2080  Reward -346.00
        Elapsed 02:06:31 | ETA 01:26:15
[TRAIN] 84,500/200,000 (42.2%) | ████████████------------------
        Ep 20  Steps 2580  Reward -583.31
        Elapsed 02:06:53 | ETA 01:23:03
[TRAIN] 85,000/200,000 (42.5%) | ████████████------------------
        Ep 20  Steps 3080  Reward -1263.88
        Elapsed 02:07:16 | ETA 01:22:45
[TRAIN] 85,500/200,000 (42.8%) | ████████████------------------
        Ep 20  Steps 3580  Reward -1685.45
        Elapsed 02:07:39 | ETA 01:23:43
[TRAIN] 86,000/200,000 (43.0%) | ████████████------------------
        Ep 20  Steps 4080  Reward -2042.64
        Elapsed 02:08:02 | ETA 01:25:50
[EP 20] steps=86,016 ep_steps=4096  R=-2090.676  loss=18699.1562 A=79.8949 C=37238.5234
[TRAIN] 86,500/200,000 (43.2%) | ████████████------------------
        Ep 21  Steps 484  Reward 325.00
        Elapsed 02:10:22 | ETA 01:25:09
[TRAIN] 87,000/200,000 (43.5%) | █████████████-----------------
        Ep 21  Steps 984  Reward 308.98
        Elapsed 02:10:46 | ETA 01:25:46
[TRAIN] 87,500/200,000 (43.8%) | █████████████-----------------
        Ep 21  Steps 1484  Reward 122.44
        Elapsed 02:11:10 | ETA 01:27:46
[TRAIN] 88,000/200,000 (44.0%) | █████████████-----------------
        Ep 21  Steps 1984  Reward -611.04
        Elapsed 02:11:34 | ETA 01:25:25
[TRAIN] 88,500/200,000 (44.2%) | █████████████-----------------
        Ep 21  Steps 2484  Reward -913.38
        Elapsed 02:11:56 | ETA 01:19:38
[TRAIN] 89,000/200,000 (44.5%) | █████████████-----------------
        Ep 21  Steps 2984  Reward -1664.78
        Elapsed 02:12:19 | ETA 01:19:39
[TRAIN] 89,500/200,000 (44.8%) | █████████████-----------------
        Ep 21  Steps 3484  Reward -2117.04
        Elapsed 02:12:42 | ETA 01:21:08
[TRAIN] 90,000/200,000 (45.0%) | █████████████-----------------
        Ep 21  Steps 3984  Reward -2364.12
        Elapsed 02:13:05 | ETA 01:21:49
[EP 21] steps=90,112 ep_steps=4096  R=-2511.682  loss=20334.3320 A=100.1526 C=40468.3594
[TRAIN] 90,500/200,000 (45.2%) | █████████████-----------------
        Ep 22  Steps 388  Reward 71.39
        Elapsed 02:15:25 | ETA 01:20:45
[TRAIN] 91,000/200,000 (45.5%) | █████████████-----------------
        Ep 22  Steps 888  Reward 65.35
        Elapsed 02:15:49 | ETA 01:21:38
[TRAIN] 91,500/200,000 (45.8%) | █████████████-----------------
        Ep 22  Steps 1388  Reward 486.45
        Elapsed 02:16:12 | ETA 01:23:53
[TRAIN] 92,000/200,000 (46.0%) | █████████████-----------------
        Ep 22  Steps 1888  Reward -292.51
        Elapsed 02:16:37 | ETA 01:23:41
[TRAIN] 92,500/200,000 (46.2%) | █████████████-----------------
        Ep 22  Steps 2388  Reward -786.60
        Elapsed 02:16:59 | ETA 01:17:33
[TRAIN] 93,000/200,000 (46.5%) | █████████████-----------------
        Ep 22  Steps 2888  Reward -1615.60
        Elapsed 02:17:22 | ETA 01:17:51
[TRAIN] 93,500/200,000 (46.8%) | ██████████████----------------
        Ep 22  Steps 3388  Reward -2208.15
        Elapsed 02:17:45 | ETA 01:17:21
[TRAIN] 94,000/200,000 (47.0%) | ██████████████----------------
        Ep 22  Steps 3888  Reward -2241.11
        Elapsed 02:18:08 | ETA 01:17:45
[EP 22] steps=94,208 ep_steps=4096  R=-2411.192  loss=19917.2422 A=93.8792 C=39646.7266
[TRAIN] 94,500/200,000 (47.2%) | ██████████████----------------
        Ep 23  Steps 292  Reward 142.92
        Elapsed 02:20:28 | ETA 01:19:27
[TRAIN] 95,000/200,000 (47.5%) | ██████████████----------------
        Ep 23  Steps 792  Reward 400.38
        Elapsed 02:20:52 | ETA 01:19:53
[TRAIN] 95,500/200,000 (47.8%) | ██████████████----------------
        Ep 23  Steps 1292  Reward 326.02
        Elapsed 02:21:16 | ETA 01:22:13
[TRAIN] 96,000/200,000 (48.0%) | ██████████████----------------
        Ep 23  Steps 1792  Reward -185.49
        Elapsed 02:21:41 | ETA 01:21:46
[TRAIN] 96,500/200,000 (48.2%) | ██████████████----------------
        Ep 23  Steps 2292  Reward -788.28
        Elapsed 02:22:03 | ETA 01:13:43
[TRAIN] 97,000/200,000 (48.5%) | ██████████████----------------
        Ep 23  Steps 2792  Reward -1461.23
        Elapsed 02:22:26 | ETA 01:13:59
[TRAIN] 97,500/200,000 (48.8%) | ██████████████----------------
        Ep 23  Steps 3292  Reward -2015.03
        Elapsed 02:22:49 | ETA 01:14:37
[TRAIN] 98,000/200,000 (49.0%) | ██████████████----------------
        Ep 23  Steps 3792  Reward -2140.11
        Elapsed 02:23:12 | ETA 01:14:23
[EP 23] steps=98,304 ep_steps=4096  R=-2440.222  loss=17726.9316 A=94.4936 C=35264.8750
[TRAIN] 98,500/200,000 (49.2%) | ██████████████----------------
        Ep 24  Steps 196  Reward 117.31
        Elapsed 02:25:33 | ETA 01:16:58
[TRAIN] 99,000/200,000 (49.5%) | ██████████████----------------
        Ep 24  Steps 696  Reward 465.55
        Elapsed 02:25:57 | ETA 01:16:12
[TRAIN] 99,500/200,000 (49.8%) | ██████████████----------------
        Ep 24  Steps 1196  Reward 609.51
        Elapsed 02:26:20 | ETA 01:17:28
[TRAIN] 100,000/200,000 (50.0%) | ███████████████---------------
        Ep 24  Steps 1696  Reward -36.76
        Elapsed 02:26:45 | ETA 01:18:16
[TRAIN] 100,500/200,000 (50.2%) | ███████████████---------------
        Ep 24  Steps 2196  Reward -419.47
        Elapsed 02:27:08 | ETA 01:12:28
[TRAIN] 101,000/200,000 (50.5%) | ███████████████---------------
        Ep 24  Steps 2696  Reward -1194.42
        Elapsed 02:27:31 | ETA 01:11:05
[TRAIN] 101,500/200,000 (50.7%) | ███████████████---------------
        Ep 24  Steps 3196  Reward -1920.31
        Elapsed 02:27:53 | ETA 01:11:33
[TRAIN] 102,000/200,000 (51.0%) | ███████████████---------------
        Ep 24  Steps 3696  Reward -2081.54
        Elapsed 02:28:16 | ETA 01:11:20
[EP 24] steps=102,400 ep_steps=4096  R=-2317.520  loss=20666.8066 A=92.0092 C=41149.5938
[VAL] step=102,400 Sharpe=1.218 CumRet=1.202
[TRAIN] 102,500/200,000 (51.2%) | ███████████████---------------
        Ep 25  Steps 100  Reward 26.57
        Elapsed 02:39:13 | ETA 01:13:21
[TRAIN] 103,000/200,000 (51.5%) | ███████████████---------------
        Ep 25  Steps 600  Reward 366.74
        Elapsed 02:39:36 | ETA 01:12:22
[TRAIN] 103,500/200,000 (51.7%) | ███████████████---------------
        Ep 25  Steps 1100  Reward 661.24
        Elapsed 02:39:59 | ETA 01:13:16
[TRAIN] 104,000/200,000 (52.0%) | ███████████████---------------
        Ep 25  Steps 1600  Reward 349.59
        Elapsed 02:40:23 | ETA 01:14:00
[TRAIN] 104,500/200,000 (52.2%) | ███████████████---------------
        Ep 25  Steps 2100  Reward -293.01
        Elapsed 02:40:47 | ETA 01:11:24
[TRAIN] 105,000/200,000 (52.5%) | ███████████████---------------
        Ep 25  Steps 2600  Reward -619.28
        Elapsed 02:41:09 | ETA 01:08:12
[TRAIN] 105,500/200,000 (52.8%) | ███████████████---------------
        Ep 25  Steps 3100  Reward -1212.94
        Elapsed 02:41:32 | ETA 01:08:14
[TRAIN] 106,000/200,000 (53.0%) | ███████████████---------------
        Ep 25  Steps 3600  Reward -1729.20
        Elapsed 02:41:55 | ETA 01:08:26
[EP 25] steps=106,496 ep_steps=4096  R=-2034.846  loss=20907.9570 A=82.9818 C=41649.9492
[TRAIN] 106,500/200,000 (53.2%) | ███████████████---------------
        Ep 26  Steps 4  Reward 4.35
        Elapsed 02:44:16 | ETA 01:10:30
[TRAIN] 107,000/200,000 (53.5%) | ████████████████--------------
        Ep 26  Steps 504  Reward 125.06
        Elapsed 02:44:40 | ETA 01:09:25
[TRAIN] 107,500/200,000 (53.8%) | ████████████████--------------
        Ep 26  Steps 1004  Reward 431.09
        Elapsed 02:45:03 | ETA 01:10:10
[TRAIN] 108,000/200,000 (54.0%) | ████████████████--------------
        Ep 26  Steps 1504  Reward 603.64
        Elapsed 02:45:27 | ETA 01:11:22
[TRAIN] 108,500/200,000 (54.2%) | ████████████████--------------
        Ep 26  Steps 2004  Reward -51.63
        Elapsed 02:45:51 | ETA 01:10:01
[TRAIN] 109,000/200,000 (54.5%) | ████████████████--------------
        Ep 26  Steps 2504  Reward -355.92
        Elapsed 02:46:13 | ETA 01:05:01
[TRAIN] 109,500/200,000 (54.8%) | ████████████████--------------
        Ep 26  Steps 3004  Reward -938.09
        Elapsed 02:46:36 | ETA 01:07:16
[TRAIN] 110,000/200,000 (55.0%) | ████████████████--------------
        Ep 26  Steps 3504  Reward -1487.92
        Elapsed 02:47:00 | ETA 01:06:10
[TRAIN] 110,500/200,000 (55.2%) | ████████████████--------------
        Ep 26  Steps 4004  Reward -1719.84
        Elapsed 02:47:23 | ETA 01:07:42
[EP 26] steps=110,592 ep_steps=4096  R=-1844.151  loss=17413.1758 A=73.3936 C=34679.5625
[TRAIN] 111,000/200,000 (55.5%) | ████████████████--------------
        Ep 27  Steps 408  Reward 132.50
        Elapsed 02:49:45 | ETA 01:06:26
[TRAIN] 111,500/200,000 (55.8%) | ████████████████--------------
        Ep 27  Steps 908  Reward 330.76
        Elapsed 02:50:09 | ETA 01:07:31
[TRAIN] 112,000/200,000 (56.0%) | ████████████████--------------
        Ep 27  Steps 1408  Reward 779.90
        Elapsed 02:50:33 | ETA 01:09:00
[TRAIN] 112,500/200,000 (56.2%) | ████████████████--------------
        Ep 27  Steps 1908  Reward -232.54
        Elapsed 02:50:58 | ETA 01:09:36
[TRAIN] 113,000/200,000 (56.5%) | ████████████████--------------
        Ep 27  Steps 2408  Reward -277.88
        Elapsed 02:51:21 | ETA 01:03:11
[TRAIN] 113,500/200,000 (56.8%) | █████████████████-------------
        Ep 27  Steps 2908  Reward -1103.76
        Elapsed 02:51:43 | ETA 01:02:28
[TRAIN] 114,000/200,000 (57.0%) | █████████████████-------------
        Ep 27  Steps 3408  Reward -1692.85
        Elapsed 02:52:06 | ETA 01:02:22
[TRAIN] 114,500/200,000 (57.2%) | █████████████████-------------
        Ep 27  Steps 3908  Reward -1799.21
        Elapsed 02:52:29 | ETA 01:02:42
[EP 27] steps=114,688 ep_steps=4096  R=-1989.951  loss=18621.8652 A=80.5214 C=37082.6875
[TRAIN] 115,000/200,000 (57.5%) | █████████████████-------------
        Ep 28  Steps 312  Reward -79.56
        Elapsed 02:54:51 | ETA 01:04:15
[TRAIN] 115,500/200,000 (57.8%) | █████████████████-------------
        Ep 28  Steps 812  Reward 588.39
        Elapsed 02:55:14 | ETA 01:03:56
[TRAIN] 116,000/200,000 (58.0%) | █████████████████-------------
        Ep 28  Steps 1312  Reward 889.70
        Elapsed 02:55:38 | ETA 01:05:33
[TRAIN] 116,500/200,000 (58.2%) | █████████████████-------------
        Ep 28  Steps 1812  Reward 532.69
        Elapsed 02:56:03 | ETA 01:05:44
[TRAIN] 117,000/200,000 (58.5%) | █████████████████-------------
        Ep 28  Steps 2312  Reward -137.11
        Elapsed 02:56:26 | ETA 00:59:16
[TRAIN] 117,500/200,000 (58.8%) | █████████████████-------------
        Ep 28  Steps 2812  Reward -754.96
        Elapsed 02:56:48 | ETA 00:59:28
[TRAIN] 118,000/200,000 (59.0%) | █████████████████-------------
        Ep 28  Steps 3312  Reward -1303.87
        Elapsed 02:57:11 | ETA 00:59:22
[TRAIN] 118,500/200,000 (59.2%) | █████████████████-------------
        Ep 28  Steps 3812  Reward -1480.56
        Elapsed 02:57:33 | ETA 00:59:44
[EP 28] steps=118,784 ep_steps=4096  R=-1724.865  loss=19710.6484 A=67.9325 C=39285.4336
[TRAIN] 119,000/200,000 (59.5%) | █████████████████-------------
        Ep 29  Steps 216  Reward 83.05
        Elapsed 02:59:56 | ETA 01:01:08
[TRAIN] 119,500/200,000 (59.8%) | █████████████████-------------
        Ep 29  Steps 716  Reward 537.88
        Elapsed 03:00:19 | ETA 01:00:20
[TRAIN] 120,000/200,000 (60.0%) | ██████████████████------------
        Ep 29  Steps 1216  Reward 788.98
        Elapsed 03:00:43 | ETA 01:01:25
[TRAIN] 120,500/200,000 (60.2%) | ██████████████████------------
        Ep 29  Steps 1716  Reward 222.45
        Elapsed 03:01:07 | ETA 01:01:48
[TRAIN] 121,000/200,000 (60.5%) | ██████████████████------------
        Ep 29  Steps 2216  Reward -430.47
        Elapsed 03:01:30 | ETA 00:58:13
[TRAIN] 121,500/200,000 (60.8%) | ██████████████████------------
        Ep 29  Steps 2716  Reward -1116.45
        Elapsed 03:01:53 | ETA 00:56:55
[TRAIN] 122,000/200,000 (61.0%) | ██████████████████------------
        Ep 29  Steps 3216  Reward -1924.62
        Elapsed 03:02:16 | ETA 00:56:39
[TRAIN] 122,500/200,000 (61.3%) | ██████████████████------------
        Ep 29  Steps 3716  Reward -2031.80
        Elapsed 03:02:38 | ETA 00:56:33
[EP 29] steps=122,880 ep_steps=4096  R=-2290.998  loss=22031.0840 A=91.2493 C=43879.6680
[TRAIN] 123,000/200,000 (61.5%) | ██████████████████------------
        Ep 30  Steps 120  Reward 43.61
        Elapsed 03:05:01 | ETA 00:58:30
[TRAIN] 123,500/200,000 (61.8%) | ██████████████████------------
        Ep 30  Steps 620  Reward 425.59
        Elapsed 03:05:24 | ETA 00:57:27
[TRAIN] 124,000/200,000 (62.0%) | ██████████████████------------
        Ep 30  Steps 1120  Reward 468.58
        Elapsed 03:05:48 | ETA 00:58:31
[TRAIN] 124,500/200,000 (62.3%) | ██████████████████------------
        Ep 30  Steps 1620  Reward 380.61
        Elapsed 03:06:13 | ETA 00:59:58
[TRAIN] 125,000/200,000 (62.5%) | ██████████████████------------
        Ep 30  Steps 2120  Reward -117.13
        Elapsed 03:06:37 | ETA 00:56:46
[TRAIN] 125,500/200,000 (62.7%) | ██████████████████------------
        Ep 30  Steps 2620  Reward -647.76
        Elapsed 03:06:59 | ETA 00:53:11
[TRAIN] 126,000/200,000 (63.0%) | ██████████████████------------
        Ep 30  Steps 3120  Reward -1225.28
        Elapsed 03:07:22 | ETA 00:53:19
[TRAIN] 126,500/200,000 (63.2%) | ██████████████████------------
        Ep 30  Steps 3620  Reward -1681.00
        Elapsed 03:07:44 | ETA 00:53:13
[EP 30] steps=126,976 ep_steps=4096  R=-1952.538  loss=17033.9258 A=76.6817 C=33914.4883
[VAL] step=126,976 Sharpe=1.218 CumRet=1.201
[TRAIN] 127,000/200,000 (63.5%) | ███████████████████-----------
        Ep 31  Steps 24  Reward 10.36
        Elapsed 03:18:42 | ETA 00:55:40
[TRAIN] 127,500/200,000 (63.7%) | ███████████████████-----------
        Ep 31  Steps 524  Reward 142.02
        Elapsed 03:19:05 | ETA 00:55:01
[TRAIN] 128,000/200,000 (64.0%) | ███████████████████-----------
        Ep 31  Steps 1024  Reward -155.00
        Elapsed 03:19:29 | ETA 00:55:09
[TRAIN] 128,500/200,000 (64.2%) | ███████████████████-----------
        Ep 31  Steps 1524  Reward -212.57
        Elapsed 03:19:53 | ETA 00:56:05
[TRAIN] 129,000/200,000 (64.5%) | ███████████████████-----------
        Ep 31  Steps 2024  Reward -967.62
        Elapsed 03:20:17 | ETA 00:54:51
[TRAIN] 129,500/200,000 (64.8%) | ███████████████████-----------
        Ep 31  Steps 2524  Reward -1187.28
        Elapsed 03:20:40 | ETA 00:50:40
[TRAIN] 130,000/200,000 (65.0%) | ███████████████████-----------
        Ep 31  Steps 3024  Reward -1809.90
        Elapsed 03:21:02 | ETA 00:50:39
[TRAIN] 130,500/200,000 (65.2%) | ███████████████████-----------
        Ep 31  Steps 3524  Reward -2447.10
        Elapsed 03:21:25 | ETA 00:51:27
[TRAIN] 131,000/200,000 (65.5%) | ███████████████████-----------
        Ep 31  Steps 4024  Reward -2683.30
        Elapsed 03:21:49 | ETA 00:51:52
[EP 31] steps=131,072 ep_steps=4096  R=-2841.966  loss=18469.6426 A=107.6615 C=36723.9609
[TRAIN] 131,500/200,000 (65.8%) | ███████████████████-----------
        Ep 32  Steps 428  Reward 207.97
        Elapsed 03:24:11 | ETA 00:51:12
[TRAIN] 132,000/200,000 (66.0%) | ███████████████████-----------
        Ep 32  Steps 928  Reward 384.08
        Elapsed 03:24:35 | ETA 00:51:40
[TRAIN] 132,500/200,000 (66.2%) | ███████████████████-----------
        Ep 32  Steps 1428  Reward 646.91
        Elapsed 03:24:59 | ETA 00:52:44
[TRAIN] 133,000/200,000 (66.5%) | ███████████████████-----------
        Ep 32  Steps 1928  Reward -788.88
        Elapsed 03:25:24 | ETA 00:52:59
[TRAIN] 133,500/200,000 (66.8%) | ████████████████████----------
        Ep 32  Steps 2428  Reward -773.47
        Elapsed 03:25:46 | ETA 00:47:29
[TRAIN] 134,000/200,000 (67.0%) | ████████████████████----------
        Ep 32  Steps 2928  Reward -1448.51
        Elapsed 03:26:09 | ETA 00:47:40
[TRAIN] 134,500/200,000 (67.2%) | ████████████████████----------
        Ep 32  Steps 3428  Reward -2043.56
        Elapsed 03:26:31 | ETA 00:47:37
[TRAIN] 135,000/200,000 (67.5%) | ████████████████████----------
        Ep 32  Steps 3928  Reward -2342.37
        Elapsed 03:26:55 | ETA 00:48:18
[EP 32] steps=135,168 ep_steps=4096  R=-2483.157  loss=22040.7051 A=100.0945 C=43881.2227
[TRAIN] 135,500/200,000 (67.8%) | ████████████████████----------
        Ep 33  Steps 332  Reward 25.35
        Elapsed 03:29:17 | ETA 00:48:00
[TRAIN] 136,000/200,000 (68.0%) | ████████████████████----------
        Ep 33  Steps 832  Reward 174.30
        Elapsed 03:29:40 | ETA 00:48:23
[TRAIN] 136,500/200,000 (68.2%) | ████████████████████----------
        Ep 33  Steps 1332  Reward 473.27
        Elapsed 03:30:04 | ETA 00:49:00
[TRAIN] 137,000/200,000 (68.5%) | ████████████████████----------
        Ep 33  Steps 1832  Reward -473.95
        Elapsed 03:30:28 | ETA 00:49:45
[TRAIN] 137,500/200,000 (68.8%) | ████████████████████----------
        Ep 33  Steps 2332  Reward -844.23
        Elapsed 03:30:51 | ETA 00:45:03
[TRAIN] 138,000/200,000 (69.0%) | ████████████████████----------
        Ep 33  Steps 2832  Reward -1363.09
        Elapsed 03:31:14 | ETA 00:44:55
[TRAIN] 138,500/200,000 (69.2%) | ████████████████████----------
        Ep 33  Steps 3332  Reward -1936.77
        Elapsed 03:31:37 | ETA 00:44:54
[TRAIN] 139,000/200,000 (69.5%) | ████████████████████----------
        Ep 33  Steps 3832  Reward -2025.35
        Elapsed 03:32:00 | ETA 00:45:05
[EP 33] steps=139,264 ep_steps=4096  R=-2264.434  loss=15808.6035 A=90.6281 C=31435.9512
[TRAIN] 139,500/200,000 (69.8%) | ████████████████████----------
        Ep 34  Steps 236  Reward 106.92
        Elapsed 03:34:23 | ETA 00:46:03
[TRAIN] 140,000/200,000 (70.0%) | █████████████████████---------
        Ep 34  Steps 736  Reward 535.34
        Elapsed 03:34:47 | ETA 00:45:25
[TRAIN] 140,500/200,000 (70.2%) | █████████████████████---------
        Ep 34  Steps 1236  Reward 565.51
        Elapsed 03:35:11 | ETA 00:46:37
[TRAIN] 141,000/200,000 (70.5%) | █████████████████████---------
        Ep 34  Steps 1736  Reward -7.13
        Elapsed 03:35:35 | ETA 00:46:23
[TRAIN] 141,500/200,000 (70.8%) | █████████████████████---------
        Ep 34  Steps 2236  Reward -584.72
        Elapsed 03:35:58 | ETA 00:42:50
[TRAIN] 142,000/200,000 (71.0%) | █████████████████████---------
        Ep 34  Steps 2736  Reward -1234.21
        Elapsed 03:36:21 | ETA 00:42:10
[TRAIN] 142,500/200,000 (71.2%) | █████████████████████---------
        Ep 34  Steps 3236  Reward -1912.16
        Elapsed 03:36:44 | ETA 00:41:46
[TRAIN] 143,000/200,000 (71.5%) | █████████████████████---------
        Ep 34  Steps 3736  Reward -2104.78
        Elapsed 03:37:07 | ETA 00:41:27
[EP 34] steps=143,360 ep_steps=4096  R=-2411.250  loss=19728.6504 A=95.2301 C=39266.8398
[TRAIN] 143,500/200,000 (71.8%) | █████████████████████---------
        Ep 35  Steps 140  Reward 20.31
        Elapsed 03:39:30 | ETA 00:42:41
[TRAIN] 144,000/200,000 (72.0%) | █████████████████████---------
        Ep 35  Steps 640  Reward 555.36
        Elapsed 03:39:53 | ETA 00:42:08
[TRAIN] 144,500/200,000 (72.2%) | █████████████████████---------
        Ep 35  Steps 1140  Reward 779.30
        Elapsed 03:40:17 | ETA 00:42:59
[TRAIN] 145,000/200,000 (72.5%) | █████████████████████---------
        Ep 35  Steps 1640  Reward 654.58
        Elapsed 03:40:42 | ETA 00:43:12
[TRAIN] 145,500/200,000 (72.8%) | █████████████████████---------
        Ep 35  Steps 2140  Reward 99.99
        Elapsed 03:41:05 | ETA 00:41:22
[TRAIN] 146,000/200,000 (73.0%) | █████████████████████---------
        Ep 35  Steps 2640  Reward -544.02
        Elapsed 03:41:28 | ETA 00:38:40
[TRAIN] 146,500/200,000 (73.2%) | █████████████████████---------
        Ep 35  Steps 3140  Reward -1237.72
        Elapsed 03:41:51 | ETA 00:38:38
[TRAIN] 147,000/200,000 (73.5%) | ██████████████████████--------
        Ep 35  Steps 3640  Reward -1578.55
        Elapsed 03:42:14 | ETA 00:38:47
[EP 35] steps=147,456 ep_steps=4096  R=-1766.468  loss=21100.8359 A=70.2425 C=42061.1875
[TRAIN] 147,500/200,000 (73.8%) | ██████████████████████--------
        Ep 36  Steps 44  Reward 20.11
        Elapsed 03:44:37 | ETA 00:39:53
[TRAIN] 148,000/200,000 (74.0%) | ██████████████████████--------
        Ep 36  Steps 544  Reward 114.72
        Elapsed 03:45:00 | ETA 00:38:39
[TRAIN] 148,500/200,000 (74.2%) | ██████████████████████--------
        Ep 36  Steps 1044  Reward 345.42
        Elapsed 03:45:23 | ETA 00:39:09
[TRAIN] 149,000/200,000 (74.5%) | ██████████████████████--------
        Ep 36  Steps 1544  Reward 350.38
        Elapsed 03:45:47 | ETA 00:39:44
[TRAIN] 149,500/200,000 (74.8%) | ██████████████████████--------
        Ep 36  Steps 2044  Reward -555.43
        Elapsed 03:46:12 | ETA 00:39:33
[TRAIN] 150,000/200,000 (75.0%) | ██████████████████████--------
        Ep 36  Steps 2544  Reward -800.92
        Elapsed 03:46:34 | ETA 00:36:10
[TRAIN] 150,500/200,000 (75.2%) | ██████████████████████--------
        Ep 36  Steps 3044  Reward -1569.46
        Elapsed 03:46:57 | ETA 00:36:09
[TRAIN] 151,000/200,000 (75.5%) | ██████████████████████--------
        Ep 36  Steps 3544  Reward -1909.65
        Elapsed 03:47:20 | ETA 00:35:50
[TRAIN] 151,500/200,000 (75.8%) | ██████████████████████--------
        Ep 36  Steps 4044  Reward -2236.69
        Elapsed 03:47:43 | ETA 00:36:30
[EP 36] steps=151,552 ep_steps=4096  R=-2362.894  loss=20342.5371 A=89.9277 C=40505.2188
[VAL] step=151,552 Sharpe=1.217 CumRet=1.201
[TRAIN] 152,000/200,000 (76.0%) | ██████████████████████--------
        Ep 37  Steps 448  Reward 72.98
        Elapsed 03:58:41 | ETA 00:35:45
[TRAIN] 152,500/200,000 (76.2%) | ██████████████████████--------
        Ep 37  Steps 948  Reward 551.77
        Elapsed 03:59:04 | ETA 00:36:21
[TRAIN] 153,000/200,000 (76.5%) | ██████████████████████--------
        Ep 37  Steps 1448  Reward 600.76
        Elapsed 03:59:29 | ETA 00:36:51
[TRAIN] 153,500/200,000 (76.8%) | ███████████████████████-------
        Ep 37  Steps 1948  Reward -246.55
        Elapsed 03:59:54 | ETA 00:37:21
[TRAIN] 154,000/200,000 (77.0%) | ███████████████████████-------
        Ep 37  Steps 2448  Reward -514.39
        Elapsed 04:00:16 | ETA 00:33:01
[TRAIN] 154,500/200,000 (77.2%) | ███████████████████████-------
        Ep 37  Steps 2948  Reward -1209.28
        Elapsed 04:00:39 | ETA 00:32:45
[TRAIN] 155,000/200,000 (77.5%) | ███████████████████████-------
        Ep 37  Steps 3448  Reward -1649.00
        Elapsed 04:01:02 | ETA 00:32:44
[TRAIN] 155,500/200,000 (77.8%) | ███████████████████████-------
        Ep 37  Steps 3948  Reward -1795.59
        Elapsed 04:01:25 | ETA 00:33:06
[EP 37] steps=155,648 ep_steps=4096  R=-1935.890  loss=17660.0859 A=75.2193 C=35169.7344
[TRAIN] 156,000/200,000 (78.0%) | ███████████████████████-------
        Ep 38  Steps 352  Reward 92.25
        Elapsed 04:03:48 | ETA 00:32:57
[TRAIN] 156,500/200,000 (78.2%) | ███████████████████████-------
        Ep 38  Steps 852  Reward 183.04
        Elapsed 04:04:11 | ETA 00:33:27
[TRAIN] 157,000/200,000 (78.5%) | ███████████████████████-------
        Ep 38  Steps 1352  Reward 256.66
        Elapsed 04:04:36 | ETA 00:33:41
[TRAIN] 157,500/200,000 (78.8%) | ███████████████████████-------
        Ep 38  Steps 1852  Reward -415.21
        Elapsed 04:05:00 | ETA 00:33:42
[TRAIN] 158,000/200,000 (79.0%) | ███████████████████████-------
        Ep 38  Steps 2352  Reward -951.06
        Elapsed 04:05:23 | ETA 00:30:09
[TRAIN] 158,500/200,000 (79.2%) | ███████████████████████-------
        Ep 38  Steps 2852  Reward -1697.58
        Elapsed 04:05:46 | ETA 00:29:56
[TRAIN] 159,000/200,000 (79.5%) | ███████████████████████-------
        Ep 38  Steps 3352  Reward -2211.22
        Elapsed 04:06:09 | ETA 00:29:50
[TRAIN] 159,500/200,000 (79.8%) | ███████████████████████-------
        Ep 38  Steps 3852  Reward -2392.12
        Elapsed 04:06:32 | ETA 00:30:13
[EP 38] steps=159,744 ep_steps=4096  R=-2630.094  loss=18799.0117 A=100.9443 C=37396.1328
[TRAIN] 160,000/200,000 (80.0%) | ████████████████████████------
        Ep 39  Steps 256  Reward 109.10
        Elapsed 04:08:55 | ETA 00:30:09
[TRAIN] 160,500/200,000 (80.2%) | ████████████████████████------
        Ep 39  Steps 756  Reward 298.86
        Elapsed 04:09:19 | ETA 00:30:03
[TRAIN] 161,000/200,000 (80.5%) | ████████████████████████------
        Ep 39  Steps 1256  Reward 687.34
        Elapsed 04:09:43 | ETA 00:30:26
[TRAIN] 161,500/200,000 (80.8%) | ████████████████████████------
        Ep 39  Steps 1756  Reward -221.94
        Elapsed 04:10:07 | ETA 00:30:22
[TRAIN] 162,000/200,000 (81.0%) | ████████████████████████------
        Ep 39  Steps 2256  Reward -723.53
        Elapsed 04:10:31 | ETA 00:28:17
[TRAIN] 162,500/200,000 (81.2%) | ████████████████████████------
        Ep 39  Steps 2756  Reward -1398.28
        Elapsed 04:10:53 | ETA 00:26:53
[TRAIN] 163,000/200,000 (81.5%) | ████████████████████████------
        Ep 39  Steps 3256  Reward -1981.49
        Elapsed 04:11:16 | ETA 00:27:03
[TRAIN] 163,500/200,000 (81.8%) | ████████████████████████------
        Ep 39  Steps 3756  Reward -2114.34
        Elapsed 04:11:39 | ETA 00:26:33
[EP 39] steps=163,840 ep_steps=4096  R=-2431.441  loss=22204.3789 A=95.3901 C=44217.9766
[TRAIN] 164,000/200,000 (82.0%) | ████████████████████████------
        Ep 40  Steps 160  Reward 0.09
        Elapsed 04:14:01 | ETA 00:27:11
[TRAIN] 164,500/200,000 (82.2%) | ████████████████████████------
        Ep 40  Steps 660  Reward 268.11
        Elapsed 04:14:24 | ETA 00:26:29
[TRAIN] 165,000/200,000 (82.5%) | ████████████████████████------
        Ep 40  Steps 1160  Reward 549.23
        Elapsed 04:14:48 | ETA 00:26:58
[TRAIN] 165,500/200,000 (82.8%) | ████████████████████████------
        Ep 40  Steps 1660  Reward 261.45
        Elapsed 04:15:13 | ETA 00:27:00
[TRAIN] 166,000/200,000 (83.0%) | ████████████████████████------
        Ep 40  Steps 2160  Reward -268.10
        Elapsed 04:15:37 | ETA 00:26:00
[TRAIN] 166,500/200,000 (83.2%) | ████████████████████████------
        Ep 40  Steps 2660  Reward -1072.51
        Elapsed 04:15:59 | ETA 00:24:05
[TRAIN] 167,000/200,000 (83.5%) | █████████████████████████-----
        Ep 40  Steps 3160  Reward -1662.93
        Elapsed 04:16:22 | ETA 00:23:56
[TRAIN] 167,500/200,000 (83.8%) | █████████████████████████-----
        Ep 40  Steps 3660  Reward -1868.94
        Elapsed 04:16:45 | ETA 00:23:43
[EP 40] steps=167,936 ep_steps=4096  R=-2182.547  loss=20504.8418 A=84.5636 C=40840.5547
[TRAIN] 168,000/200,000 (84.0%) | █████████████████████████-----
        Ep 41  Steps 64  Reward 12.44
        Elapsed 04:19:08 | ETA 00:24:26
[TRAIN] 168,500/200,000 (84.2%) | █████████████████████████-----
        Ep 41  Steps 564  Reward 145.50
        Elapsed 04:19:31 | ETA 00:23:37
[TRAIN] 169,000/200,000 (84.5%) | █████████████████████████-----
        Ep 41  Steps 1064  Reward 50.35
        Elapsed 04:19:55 | ETA 00:23:53
[TRAIN] 169,500/200,000 (84.8%) | █████████████████████████-----
        Ep 41  Steps 1564  Reward -214.11
        Elapsed 04:20:19 | ETA 00:23:55
[TRAIN] 170,000/200,000 (85.0%) | █████████████████████████-----
        Ep 41  Steps 2064  Reward -756.37
        Elapsed 04:20:44 | ETA 00:23:32
[TRAIN] 170,500/200,000 (85.2%) | █████████████████████████-----
        Ep 41  Steps 2564  Reward -1100.87
        Elapsed 04:21:06 | ETA 00:21:14
[TRAIN] 171,000/200,000 (85.5%) | █████████████████████████-----
        Ep 41  Steps 3064  Reward -1822.37
        Elapsed 04:21:29 | ETA 00:21:00
[TRAIN] 171,500/200,000 (85.8%) | █████████████████████████-----
        Ep 41  Steps 3564  Reward -2195.06
        Elapsed 04:21:52 | ETA 00:20:43
[TRAIN] 172,000/200,000 (86.0%) | █████████████████████████-----
        Ep 41  Steps 4064  Reward -2492.10
        Elapsed 04:22:16 | ETA 00:20:59
[EP 41] steps=172,032 ep_steps=4096  R=-2545.867  loss=18058.7090 A=98.7681 C=35919.8828
[TRAIN] 172,500/200,000 (86.2%) | █████████████████████████-----
        Ep 42  Steps 468  Reward 95.37
        Elapsed 04:24:38 | ETA 00:20:27
[TRAIN] 173,000/200,000 (86.5%) | █████████████████████████-----
        Ep 42  Steps 968  Reward 235.11
        Elapsed 04:25:02 | ETA 00:20:37
[TRAIN] 173,500/200,000 (86.8%) | ██████████████████████████----
        Ep 42  Steps 1468  Reward -102.83
        Elapsed 04:25:26 | ETA 00:20:54
[TRAIN] 174,000/200,000 (87.0%) | ██████████████████████████----
        Ep 42  Steps 1968  Reward -544.07
        Elapsed 04:25:51 | ETA 00:20:54
[TRAIN] 174,500/200,000 (87.2%) | ██████████████████████████----
        Ep 42  Steps 2468  Reward -804.91
        Elapsed 04:26:14 | ETA 00:18:18
[TRAIN] 175,000/200,000 (87.5%) | ██████████████████████████----
        Ep 42  Steps 2968  Reward -1549.11
        Elapsed 04:26:36 | ETA 00:17:56
[TRAIN] 175,500/200,000 (87.8%) | ██████████████████████████----
        Ep 42  Steps 3468  Reward -2089.65
        Elapsed 04:26:59 | ETA 00:17:49
[TRAIN] 176,000/200,000 (88.0%) | ██████████████████████████----
        Ep 42  Steps 3968  Reward -2185.23
        Elapsed 04:27:22 | ETA 00:17:48
[EP 42] steps=176,128 ep_steps=4096  R=-2320.206  loss=18981.9375 A=88.3250 C=37787.2266
[VAL] step=176,128 Sharpe=1.217 CumRet=1.200
[TRAIN] 176,500/200,000 (88.2%) | ██████████████████████████----
        Ep 43  Steps 372  Reward 57.32
        Elapsed 04:38:15 | ETA 00:17:07
[TRAIN] 177,000/200,000 (88.5%) | ██████████████████████████----
        Ep 43  Steps 872  Reward 212.69
        Elapsed 04:38:38 | ETA 00:17:05
[TRAIN] 177,500/200,000 (88.8%) | ██████████████████████████----
        Ep 43  Steps 1372  Reward 579.98
        Elapsed 04:39:01 | ETA 00:17:28
[TRAIN] 178,000/200,000 (89.0%) | ██████████████████████████----
        Ep 43  Steps 1872  Reward -326.27
        Elapsed 04:39:27 | ETA 00:17:41
[TRAIN] 178,500/200,000 (89.2%) | ██████████████████████████----
        Ep 43  Steps 2372  Reward -740.61
        Elapsed 04:39:50 | ETA 00:16:00
[TRAIN] 179,000/200,000 (89.5%) | ██████████████████████████----
        Ep 43  Steps 2872  Reward -1520.48
        Elapsed 04:40:13 | ETA 00:15:27
[TRAIN] 179,500/200,000 (89.8%) | ██████████████████████████----
        Ep 43  Steps 3372  Reward -1839.00
        Elapsed 04:40:37 | ETA 00:15:36
[TRAIN] 180,000/200,000 (90.0%) | ███████████████████████████---
        Ep 43  Steps 3872  Reward -1988.17
        Elapsed 04:41:01 | ETA 00:15:02
[EP 43] steps=180,224 ep_steps=4096  R=-2174.404  loss=18102.6406 A=82.9312 C=36039.4180
[TRAIN] 180,500/200,000 (90.2%) | ███████████████████████████---
        Ep 44  Steps 276  Reward 69.32
        Elapsed 04:43:18 | ETA 00:15:00
[TRAIN] 181,000/200,000 (90.5%) | ███████████████████████████---
        Ep 44  Steps 776  Reward 223.63
        Elapsed 04:43:42 | ETA 00:14:42
[TRAIN] 181,500/200,000 (90.8%) | ███████████████████████████---
        Ep 44  Steps 1276  Reward 105.24
        Elapsed 04:44:07 | ETA 00:14:44
[TRAIN] 182,000/200,000 (91.0%) | ███████████████████████████---
        Ep 44  Steps 1776  Reward -628.97
        Elapsed 04:44:32 | ETA 00:14:21
[TRAIN] 182,500/200,000 (91.2%) | ███████████████████████████---
        Ep 44  Steps 2276  Reward -1188.31
        Elapsed 04:44:56 | ETA 00:13:18
[TRAIN] 183,000/200,000 (91.5%) | ███████████████████████████---
        Ep 44  Steps 2776  Reward -1598.83
        Elapsed 04:45:19 | ETA 00:12:27
[TRAIN] 183,500/200,000 (91.8%) | ███████████████████████████---
        Ep 44  Steps 3276  Reward -2378.30
        Elapsed 04:45:42 | ETA 00:12:18
[TRAIN] 184,000/200,000 (92.0%) | ███████████████████████████---
        Ep 44  Steps 3776  Reward -2654.62
        Elapsed 04:46:06 | ETA 00:11:56
[EP 44] steps=184,320 ep_steps=4096  R=-2936.734  loss=19885.2383 A=113.7797 C=39542.9180
[TRAIN] 184,500/200,000 (92.2%) | ███████████████████████████---
        Ep 45  Steps 180  Reward -17.56
        Elapsed 04:48:25 | ETA 00:12:02
[TRAIN] 185,000/200,000 (92.5%) | ███████████████████████████---
        Ep 45  Steps 680  Reward 40.27
        Elapsed 04:48:49 | ETA 00:11:37
[TRAIN] 185,500/200,000 (92.8%) | ███████████████████████████---
        Ep 45  Steps 1180  Reward 276.83
        Elapsed 04:49:14 | ETA 00:11:29
[TRAIN] 186,000/200,000 (93.0%) | ███████████████████████████---
        Ep 45  Steps 1680  Reward -549.81
        Elapsed 04:49:39 | ETA 00:11:15
[TRAIN] 186,500/200,000 (93.2%) | ███████████████████████████---
        Ep 45  Steps 2180  Reward -1061.42
        Elapsed 04:50:03 | ETA 00:10:37
[TRAIN] 187,000/200,000 (93.5%) | ████████████████████████████--
        Ep 45  Steps 2680  Reward -1809.34
        Elapsed 04:50:26 | ETA 00:09:30
[TRAIN] 187,500/200,000 (93.8%) | ████████████████████████████--
        Ep 45  Steps 3180  Reward -2519.39
        Elapsed 04:50:49 | ETA 00:09:15
[TRAIN] 188,000/200,000 (94.0%) | ████████████████████████████--
        Ep 45  Steps 3680  Reward -2892.06
        Elapsed 04:51:13 | ETA 00:09:00
[EP 45] steps=188,416 ep_steps=4096  R=-3226.605  loss=23810.3730 A=123.1744 C=47374.3984
[TRAIN] 188,500/200,000 (94.2%) | ████████████████████████████--
        Ep 46  Steps 84  Reward 30.97
        Elapsed 04:53:31 | ETA 00:08:55
[TRAIN] 189,000/200,000 (94.5%) | ████████████████████████████--
        Ep 46  Steps 584  Reward 167.01
        Elapsed 04:53:55 | ETA 00:08:32
[TRAIN] 189,500/200,000 (94.8%) | ████████████████████████████--
        Ep 46  Steps 1084  Reward 391.76
        Elapsed 04:54:19 | ETA 00:08:18
[TRAIN] 190,000/200,000 (95.0%) | ████████████████████████████--
        Ep 46  Steps 1584  Reward 60.46
        Elapsed 04:54:45 | ETA 00:08:07
[TRAIN] 190,500/200,000 (95.2%) | ████████████████████████████--
        Ep 46  Steps 2084  Reward -671.91
        Elapsed 04:55:10 | ETA 00:07:42
[TRAIN] 191,000/200,000 (95.5%) | ████████████████████████████--
        Ep 46  Steps 2584  Reward -996.00
        Elapsed 04:55:33 | ETA 00:06:36
[TRAIN] 191,500/200,000 (95.8%) | ████████████████████████████--
        Ep 46  Steps 3084  Reward -1791.05
        Elapsed 04:55:56 | ETA 00:06:19
[TRAIN] 192,000/200,000 (96.0%) | ████████████████████████████--
        Ep 46  Steps 3584  Reward -2068.65
        Elapsed 04:56:20 | ETA 00:05:58
[TRAIN] 192,500/200,000 (96.2%) | ████████████████████████████--
        Ep 46  Steps 4084  Reward -2352.92
        Elapsed 04:56:44 | ETA 00:05:47
[EP 46] steps=192,512 ep_steps=4096  R=-2386.499  loss=21170.6973 A=97.7262 C=42145.9414
[TRAIN] 193,000/200,000 (96.5%) | ████████████████████████████--
        Ep 47  Steps 488  Reward 253.66
        Elapsed 04:59:00 | ETA 00:05:19
[TRAIN] 193,500/200,000 (96.8%) | █████████████████████████████-
        Ep 47  Steps 988  Reward 205.54
        Elapsed 04:59:24 | ETA 00:05:02
[TRAIN] 194,000/200,000 (97.0%) | █████████████████████████████-
        Ep 47  Steps 1488  Reward 81.36
        Elapsed 04:59:49 | ETA 00:04:47
[TRAIN] 194,500/200,000 (97.2%) | █████████████████████████████-
        Ep 47  Steps 1988  Reward -549.12
        Elapsed 05:00:14 | ETA 00:04:29
[TRAIN] 195,000/200,000 (97.5%) | █████████████████████████████-
        Ep 47  Steps 2488  Reward -845.61
        Elapsed 05:00:37 | ETA 00:03:39
[TRAIN] 195,500/200,000 (97.8%) | █████████████████████████████-
        Ep 47  Steps 2988  Reward -1708.01
        Elapsed 05:01:00 | ETA 00:03:18
[TRAIN] 196,000/200,000 (98.0%) | █████████████████████████████-
        Ep 47  Steps 3488  Reward -2097.08
        Elapsed 05:01:23 | ETA 00:02:58
[TRAIN] 196,500/200,000 (98.2%) | █████████████████████████████-
        Ep 47  Steps 3988  Reward -2298.51
        Elapsed 05:01:47 | ETA 00:02:40
[EP 47] steps=196,608 ep_steps=4096  R=-2422.742  loss=19683.6211 A=95.8455 C=39175.5508
[TRAIN] 197,000/200,000 (98.5%) | █████████████████████████████-
        Ep 48  Steps 392  Reward 91.24
        Elapsed 05:04:05 | ETA 00:02:16
[TRAIN] 197,500/200,000 (98.8%) | █████████████████████████████-
        Ep 48  Steps 892  Reward 7.59
        Elapsed 05:04:29 | ETA 00:01:57
[TRAIN] 198,000/200,000 (99.0%) | █████████████████████████████-
        Ep 48  Steps 1392  Reward 322.82
        Elapsed 05:04:54 | ETA 00:01:36
[TRAIN] 198,500/200,000 (99.2%) | █████████████████████████████-
        Ep 48  Steps 1892  Reward -546.32
        Elapsed 05:05:19 | ETA 00:01:13
[TRAIN] 199,000/200,000 (99.5%) | █████████████████████████████-
        Ep 48  Steps 2392  Reward -934.62
        Elapsed 05:05:43 | ETA 00:00:44
[TRAIN] 199,500/200,000 (99.8%) | █████████████████████████████-
        Ep 48  Steps 2892  Reward -1541.93
        Elapsed 05:06:06 | ETA 00:00:22
[TRAIN] 200,000/200,000 (100.0%) | ██████████████████████████████
        Ep 48  Steps 3392  Reward -1992.80
        Elapsed 05:06:30 | ETA 00:00:00
[EP 48] steps=200,000 ep_steps=3392  R=-1992.803  loss=19585.4043 A=93.6958 C=38983.4180
[VAL] step=200,000 Sharpe=1.216 CumRet=1.198
[QRL-3ASSET] Training completed. Model saved to .\models\qrl_3asset_20251117_012801
[FINAL] Sharpe=1.216 CumRet=1.198
